C:\USERS\JOSéALFREDO\DESKTOP\PLANTILLA POO\DEBUG\PLANTILLA POO.EXE
C:\USERS\JOSéALFREDO\DESKTOP\PLANTILLA POO\DEBUG\PLANTILLA POO.ILK
C:\USERS\JOSÉALFREDO\DESKTOP\PLANTILLA POO\DEBUG\PLANTILLA POO.PDB
C:\USERS\JOSéALFREDO\DESKTOP\PLANTILLA POO\PLANTILLA POO\DEBUG\CAJA.OBJ
C:\USERS\JOSéALFREDO\DESKTOP\PLANTILLA POO\PLANTILLA POO\DEBUG\MAIN.OBJ
C:\USERS\JOSéALFREDO\DESKTOP\PLANTILLA POO\PLANTILLA POO\DEBUG\PLANTILLA POO.EXE.EMBED.MANIFEST
C:\USERS\JOSéALFREDO\DESKTOP\PLANTILLA POO\PLANTILLA POO\DEBUG\PLANTILLA POO.EXE.EMBED.MANIFEST.RES
C:\USERS\JOSéALFREDO\DESKTOP\PLANTILLA POO\PLANTILLA POO\DEBUG\PLANTILLA POO.EXE.INTERMEDIATE.MANIFEST
C:\USERS\JOSÉALFREDO\DESKTOP\PLANTILLA POO\PLANTILLA POO\DEBUG\VC100.PDB
C:\USERS\JOSéALFREDO\DESKTOP\SOLO POO\DEBUG\PLANTILLA POO.EXE
C:\USERS\JOSéALFREDO\DESKTOP\SOLO POO\DEBUG\PLANTILLA POO.ILK
C:\USERS\JOSÉALFREDO\DESKTOP\SOLO POO\DEBUG\PLANTILLA POO.PDB
C:\Users\JoséAlfredo\Desktop\Solo poo\Plantilla POO\Debug\Caja.obj
C:\USERS\JOSéALFREDO\DESKTOP\SOLO POO\PLANTILLA POO\DEBUG\CAMERA_V2.OBJ
C:\Users\JoséAlfredo\Desktop\Solo poo\Plantilla POO\Debug\cl.command.1.tlog
C:\Users\JoséAlfredo\Desktop\Solo poo\Plantilla POO\Debug\CL.read.1.tlog
C:\Users\JoséAlfredo\Desktop\Solo poo\Plantilla POO\Debug\CL.write.1.tlog
C:\USERS\JOSéALFREDO\DESKTOP\SOLO POO\PLANTILLA POO\DEBUG\DOME.OBJ
C:\Users\JoséAlfredo\Desktop\Solo poo\Plantilla POO\Debug\link.10664.read.1.tlog
C:\Users\JoséAlfredo\Desktop\Solo poo\Plantilla POO\Debug\link.10664.write.1.tlog
C:\Users\JoséAlfredo\Desktop\Solo poo\Plantilla POO\Debug\link.10664-cvtres.read.1.tlog
C:\Users\JoséAlfredo\Desktop\Solo poo\Plantilla POO\Debug\link.10664-cvtres.write.1.tlog
C:\Users\JoséAlfredo\Desktop\Solo poo\Plantilla POO\Debug\link.10780.read.1.tlog
C:\Users\JoséAlfredo\Desktop\Solo poo\Plantilla POO\Debug\link.10780.write.1.tlog
C:\Users\JoséAlfredo\Desktop\Solo poo\Plantilla POO\Debug\link.10780-cvtres.read.1.tlog
C:\Users\JoséAlfredo\Desktop\Solo poo\Plantilla POO\Debug\link.10780-cvtres.write.1.tlog
C:\Users\JoséAlfredo\Desktop\Solo poo\Plantilla POO\Debug\link.11500.read.1.tlog
C:\Users\JoséAlfredo\Desktop\Solo poo\Plantilla POO\Debug\link.11500.write.1.tlog
C:\Users\JoséAlfredo\Desktop\Solo poo\Plantilla POO\Debug\link.11500-cvtres.read.1.tlog
C:\Users\JoséAlfredo\Desktop\Solo poo\Plantilla POO\Debug\link.11500-cvtres.write.1.tlog
C:\Users\JoséAlfredo\Desktop\Solo poo\Plantilla POO\Debug\link.11836.read.1.tlog
C:\Users\JoséAlfredo\Desktop\Solo poo\Plantilla POO\Debug\link.11836.write.1.tlog
C:\Users\JoséAlfredo\Desktop\Solo poo\Plantilla POO\Debug\link.11836-cvtres.read.1.tlog
C:\Users\JoséAlfredo\Desktop\Solo poo\Plantilla POO\Debug\link.11836-cvtres.write.1.tlog
C:\Users\JoséAlfredo\Desktop\Solo poo\Plantilla POO\Debug\link.3048.read.1.tlog
C:\Users\JoséAlfredo\Desktop\Solo poo\Plantilla POO\Debug\link.3048.write.1.tlog
C:\Users\JoséAlfredo\Desktop\Solo poo\Plantilla POO\Debug\link.3048-cvtres.read.1.tlog
C:\Users\JoséAlfredo\Desktop\Solo poo\Plantilla POO\Debug\link.3048-cvtres.write.1.tlog
C:\Users\JoséAlfredo\Desktop\Solo poo\Plantilla POO\Debug\link.command.1.tlog
C:\Users\JoséAlfredo\Desktop\Solo poo\Plantilla POO\Debug\link.read.1.tlog
C:\Users\JoséAlfredo\Desktop\Solo poo\Plantilla POO\Debug\link.write.1.tlog
C:\Users\JoséAlfredo\Desktop\Solo poo\Plantilla POO\Debug\link-cvtres.read.1.tlog
C:\Users\JoséAlfredo\Desktop\Solo poo\Plantilla POO\Debug\link-cvtres.write.1.tlog
C:\USERS\JOSéALFREDO\DESKTOP\SOLO POO\PLANTILLA POO\DEBUG\MAIN.OBJ
C:\Users\JoséAlfredo\Desktop\Solo poo\Plantilla POO\Debug\mt.command.1.tlog
C:\Users\JoséAlfredo\Desktop\Solo poo\Plantilla POO\Debug\mt.read.1.tlog
C:\Users\JoséAlfredo\Desktop\Solo poo\Plantilla POO\Debug\mt.write.1.tlog
C:\Users\JoséAlfredo\Desktop\Solo poo\Plantilla POO\Debug\Plantilla POO.exe.embed.manifest
C:\USERS\JOSéALFREDO\DESKTOP\SOLO POO\PLANTILLA POO\DEBUG\PLANTILLA POO.EXE.EMBED.MANIFEST.RES
C:\USERS\JOSéALFREDO\DESKTOP\SOLO POO\PLANTILLA POO\DEBUG\PLANTILLA POO.EXE.INTERMEDIATE.MANIFEST
C:\Users\JoséAlfredo\Desktop\Solo poo\Plantilla POO\Debug\Plantilla POO.vcxprojResolveAssemblyReference.cache
C:\Users\JoséAlfredo\Desktop\Solo poo\Plantilla POO\Debug\Plantilla POO.write.1.tlog
C:\Users\JoséAlfredo\Desktop\Solo poo\Plantilla POO\Debug\Plantilla POO_manifest.rc
C:\Users\JoséAlfredo\Desktop\Solo poo\Plantilla POO\Debug\rc.command.1.tlog
C:\Users\JoséAlfredo\Desktop\Solo poo\Plantilla POO\Debug\rc.read.1.tlog
C:\Users\JoséAlfredo\Desktop\Solo poo\Plantilla POO\Debug\rc.write.1.tlog
C:\USERS\JOSéALFREDO\DESKTOP\SOLO POO\PLANTILLA POO\DEBUG\TERRAIN_V2.OBJ
C:\Users\JoséAlfredo\Desktop\Solo poo\Plantilla POO\Debug\vc100.idb
C:\USERS\JOSÉALFREDO\DESKTOP\SOLO POO\PLANTILLA POO\DEBUG\VC100.PDB
